Unity Editor version:    2020.3.27f1 (e759542391ea)
Branch:                  2020.3/release
Build type:              Release
Batch mode:              YES
macOS version:           Version 11.7.9 (Build 20G1426)
Darwin version:          20.6.0
Architecture:            x86_64
Running under Rosetta:   NO
Available memory:        8192 MB
Using pre-set license
Pro License: NO

COMMAND LINE ARGUMENTS:
/Applications/2020.3.27f1/Unity.app/Contents/MacOS/Unity
-adb2
-batchMode
-noUpm
-name
AssetImportWorker0
-projectPath
/Users/game12/justins 2nd 2d project
-logFile
Logs/AssetImportWorker0.log
-srvPort
57272
Successfully changed project path to: /Users/game12/justins 2nd 2d project
/Users/game12/justins 2nd 2d project
Using Asset Import Pipeline V2.
Refreshing native plugins compatible for Editor in 47.20 ms, found 3 plugins.
Preloading 0 native plugins for Editor in 0.00 ms.
Initialize engine version: 2020.3.27f1 (e759542391ea)
[Subsystems] Discovering subsystems at path /Applications/2020.3.27f1/Unity.app/Contents/Resources/UnitySubsystems
[Subsystems] Discovering subsystems at path /Users/game12/justins 2nd 2d project/Assets
GfxDevice: creating device client; threaded=0
2024-11-21 09:20:10.269 Unity[64462:149183085] iMac preferred device: AMD Radeon Pro 5300 (high power)
2024-11-21 09:20:10.269 Unity[64462:149183085] Metal devices available: 1
2024-11-21 09:20:10.269 Unity[64462:149183085] 0: AMD Radeon Pro 5300 (high power)
2024-11-21 09:20:10.270 Unity[64462:149183085] Using device AMD Radeon Pro 5300 (high power)
Initializing Metal device caps: AMD Radeon Pro 5300
Initialize mono
Mono path[0] = '/Applications/2020.3.27f1/Unity.app/Contents/Managed'
Mono path[1] = '/Applications/2020.3.27f1/Unity.app/Contents/MonoBleedingEdge/lib/mono/unityjit'
Mono config path = '/Applications/2020.3.27f1/Unity.app/Contents/MonoBleedingEdge/etc'
Using monoOptions --debugger-agent=transport=dt_socket,embedding=1,server=y,suspend=n,address=127.0.0.1:56462
Begin MonoManager ReloadAssembly
Registering precompiled unity dll's ...
Register platform support module: /Applications/2020.3.27f1/Unity.app/Contents/PlaybackEngines/MacStandaloneSupport/UnityEditor.OSXStandalone.Extensions.dll
Registered in 0.002262 seconds.
Native extension for OSXStandalone target not found
Refreshing native plugins compatible for Editor in 46.41 ms, found 3 plugins.
Preloading 0 native plugins for Editor in 0.00 ms.
Mono: successfully reloaded assembly
- Completed reload, in  0.654 seconds
Domain Reload Profiling:
	ReloadAssembly (654ms)
		BeginReloadAssembly (92ms)
			ExecutionOrderSort (0ms)
			DisableScriptedObjects (0ms)
			BackupInstance (0ms)
			ReleaseScriptingObjects (0ms)
			CreateAndSetChildDomain (1ms)
		EndReloadAssembly (487ms)
			LoadAssemblies (92ms)
			RebuildTransferFunctionScriptingTraits (0ms)
			SetupTypeCache (183ms)
			ReleaseScriptCaches (0ms)
			RebuildScriptCaches (36ms)
			SetupLoadedEditorAssemblies (187ms)
				LogAssemblyErrors (0ms)
				InitializePlatformSupportModulesInManaged (4ms)
				SetLoadedEditorAssemblies (0ms)
				RefreshPlugins (47ms)
				BeforeProcessingInitializeOnLoad (7ms)
				ProcessInitializeOnLoadAttributes (98ms)
				ProcessInitializeOnLoadMethodAttributes (30ms)
				AfterProcessingInitializeOnLoad (0ms)
				EditorAssembliesLoaded (0ms)
			ExecutionOrderSort2 (0ms)
			AwakeInstancesAfterBackupRestoration (0ms)
Platform modules already initialized, skipping
Registering precompiled user dll's ...
Registered in 0.007001 seconds.
Begin MonoManager ReloadAssembly
Native extension for OSXStandalone target not found
Refreshing native plugins compatible for Editor in 45.12 ms, found 3 plugins.
Preloading 0 native plugins for Editor in 0.00 ms.
Mono: successfully reloaded assembly
- Completed reload, in  1.275 seconds
Domain Reload Profiling:
	ReloadAssembly (1275ms)
		BeginReloadAssembly (162ms)
			ExecutionOrderSort (0ms)
			DisableScriptedObjects (5ms)
			BackupInstance (0ms)
			ReleaseScriptingObjects (0ms)
			CreateAndSetChildDomain (33ms)
		EndReloadAssembly (1049ms)
			LoadAssemblies (114ms)
			RebuildTransferFunctionScriptingTraits (0ms)
			SetupTypeCache (365ms)
			ReleaseScriptCaches (0ms)
			RebuildScriptCaches (56ms)
			SetupLoadedEditorAssemblies (397ms)
				LogAssemblyErrors (0ms)
				InitializePlatformSupportModulesInManaged (3ms)
				SetLoadedEditorAssemblies (0ms)
				RefreshPlugins (45ms)
				BeforeProcessingInitializeOnLoad (58ms)
				ProcessInitializeOnLoadAttributes (270ms)
				ProcessInitializeOnLoadMethodAttributes (19ms)
				AfterProcessingInitializeOnLoad (1ms)
				EditorAssembliesLoaded (0ms)
			ExecutionOrderSort2 (0ms)
			AwakeInstancesAfterBackupRestoration (7ms)
Platform modules already initialized, skipping
Validating Project structure ... 0.003127 seconds.
Shader import version has changed; will reimport all shaders...
Upgrading shader files ...0.004309 seconds.
Application.AssetDatabase Initial Script Refresh Start
RefreshInfo: InitialScriptRefreshV2(NoUpdateAssetOptions) scanfilter:  ... 1 filters
RefreshProfiler: Total: 0.000ms
Application.AssetDatabase Initial Script Refresh End
Application.AssetDatabase.Refresh Start
Application.AssetDatabase.Refresh End
RefreshInfo: StopAssetImportingV2(ForceSynchronousImport) scanfilter: 
RefreshProfiler: Total: 0.000ms
Launching external process: /Applications/2020.3.27f1/Unity.app/Contents/Tools/UnityShaderCompiler
Launched and connected shader compiler UnityShaderCompiler after 0.02 seconds
Initializing Unity extensions:
========================================================================
Worker process is ready to serve import requests
Refreshing native plugins compatible for Editor in 0.48 ms, found 3 plugins.
Preloading 0 native plugins for Editor in 0.00 ms.
Unloading 2537 Unused Serialized files (Serialized files now loaded: 0)
System memory in use before: 229.7 MB.
System memory in use after: 228.9 MB.

Unloading 116 unused Assets to reduce memory usage. Loaded Objects now: 3010.
Total: 3.427553 ms (FindLiveObjects: 0.211425 ms CreateObjectMapping: 0.115475 ms MarkObjects: 2.658092 ms  DeleteObjects: 0.442015 ms)

AssetImportParameters requested are different than current active one (requested -> active):
  custom:video-decoder-ogg-theora: a1e56fd34408186e4bbccfd4996cb3dc -> 
  custom:container-muxer-webm: aa71ff27fc2769a1b78a27578f13a17b -> 
  custom:container-demuxer-webm: 4f35f7cbe854078d1ac9338744f61a02 -> 
  custom:container-demuxer-ogg: 62fdf1f143b41e24485cea50d1cbac27 -> 
  custom:video-encoder-webm-vp8: eb34c28f22e8b96e1ab97ce403110664 -> 
  custom:framework-osx-AVFoundation: e770b220cccbd017edd2c1fefb359320 -> 
  custom:video-decoder-webm-vp8: 9c59270c3fd7afecdb556c50c9e8de78 -> 
  custom:audio-decoder-ogg-vorbis: bf7c407c2cedff20999df2af8eb42d56 -> 
  custom:audio-encoder-webm-vorbis: bf7c407c2cedff20999df2af8eb42d56 -> 
========================================================================
Received Import Request.
  path: Assets/prefabs/Decoration_5.prefab
  artifactKey: Guid(b5691236ca3d0473eb00e186b654d0e1) Importer(815301076,1909f56bfc062723c751e8b465ee728b)
Start importing Assets/prefabs/Decoration_5.prefab using Guid(b5691236ca3d0473eb00e186b654d0e1) Importer(815301076,1909f56bfc062723c751e8b465ee728b)  -> (artifact id: '114e1308129e5f6647bdc3bf8da0898a') in 1.089252 seconds 
  Import took 1.096274 seconds .

========================================================================
Received Import Request.
  Time since last request: 2.587909 seconds.
  path: Assets/prefabs/Decoration_5.prefab
  artifactKey: Guid(b5691236ca3d0473eb00e186b654d0e1) Importer(815301076,1909f56bfc062723c751e8b465ee728b)
Start importing Assets/prefabs/Decoration_5.prefab using Guid(b5691236ca3d0473eb00e186b654d0e1) Importer(815301076,1909f56bfc062723c751e8b465ee728b)  -> (artifact id: '0b08985cbcbd9e27ceb9b8a8f07ad95c') in 0.010958 seconds 
  Import took 0.015292 seconds .

========================================================================
Received Import Request.
  Time since last request: 6.035039 seconds.
  path: Assets/prefabs/Decoration_5.prefab
  artifactKey: Guid(b5691236ca3d0473eb00e186b654d0e1) Importer(815301076,1909f56bfc062723c751e8b465ee728b)
Start importing Assets/prefabs/Decoration_5.prefab using Guid(b5691236ca3d0473eb00e186b654d0e1) Importer(815301076,1909f56bfc062723c751e8b465ee728b)  -> (artifact id: 'eb6d2f2b9b3005d8310a955dfc2008ac') in 0.008320 seconds 
  Import took 0.012274 seconds .

========================================================================
Received Import Request.
  Time since last request: 2.005320 seconds.
  path: Assets/prefabs/Decoration_5.prefab
  artifactKey: Guid(b5691236ca3d0473eb00e186b654d0e1) Importer(815301076,1909f56bfc062723c751e8b465ee728b)
Start importing Assets/prefabs/Decoration_5.prefab using Guid(b5691236ca3d0473eb00e186b654d0e1) Importer(815301076,1909f56bfc062723c751e8b465ee728b)  -> (artifact id: '7503b3189d74adc251a9e7d6efe895ac') in 0.008399 seconds 
  Import took 0.012219 seconds .

========================================================================
Received Import Request.
  Time since last request: 3.019464 seconds.
  path: Assets/prefabs/Decoration_5.prefab
  artifactKey: Guid(b5691236ca3d0473eb00e186b654d0e1) Importer(815301076,1909f56bfc062723c751e8b465ee728b)
Start importing Assets/prefabs/Decoration_5.prefab using Guid(b5691236ca3d0473eb00e186b654d0e1) Importer(815301076,1909f56bfc062723c751e8b465ee728b)  -> (artifact id: 'ef5d9b797e1c10406edf64fd7062c4d9') in 0.008009 seconds 
  Import took 0.011868 seconds .

========================================================================
Received Import Request.
  Time since last request: 18.269978 seconds.
  path: Assets/prefabs/Decoration_10.prefab
  artifactKey: Guid(38953191d0b6e463c85cd267061bb508) Importer(815301076,1909f56bfc062723c751e8b465ee728b)
Start importing Assets/prefabs/Decoration_10.prefab using Guid(38953191d0b6e463c85cd267061bb508) Importer(815301076,1909f56bfc062723c751e8b465ee728b)  -> (artifact id: 'ab9ebc975cc458c3d4beefd5764abb25') in 0.014089 seconds 
  Import took 0.018026 seconds .

========================================================================
Received Import Request.
  Time since last request: 4.455211 seconds.
  path: Assets/prefabs/Decoration_9.prefab
  artifactKey: Guid(d208ecdc1fbd544c893fa8640dbbe098) Importer(815301076,1909f56bfc062723c751e8b465ee728b)
Start importing Assets/prefabs/Decoration_9.prefab using Guid(d208ecdc1fbd544c893fa8640dbbe098) Importer(815301076,1909f56bfc062723c751e8b465ee728b)  -> (artifact id: '5fb41109055c3937e11679c1836182ba') in 0.009992 seconds 
  Import took 0.013937 seconds .

========================================================================
Received Import Request.
  Time since last request: 2.528959 seconds.
  path: Assets/prefabs/PlayerCharacter.prefab
  artifactKey: Guid(ab2c612d3cb644f09837c16c42fe3184) Importer(815301076,1909f56bfc062723c751e8b465ee728b)
Start importing Assets/prefabs/PlayerCharacter.prefab using Guid(ab2c612d3cb644f09837c16c42fe3184) Importer(815301076,1909f56bfc062723c751e8b465ee728b)  -> (artifact id: '9f7122f5f4afc7f71233a87b2f110587') in 0.011828 seconds 
  Import took 0.015479 seconds .

========================================================================
Received Import Request.
  Time since last request: 41.271088 seconds.
  path: Assets/prefabs/Decoration_10.prefab
  artifactKey: Guid(38953191d0b6e463c85cd267061bb508) Importer(815301076,1909f56bfc062723c751e8b465ee728b)
Start importing Assets/prefabs/Decoration_10.prefab using Guid(38953191d0b6e463c85cd267061bb508) Importer(815301076,1909f56bfc062723c751e8b465ee728b)  -> (artifact id: '2596dda4ffefdc563c8a4ed0d6e87440') in 0.009996 seconds 
  Import took 0.014383 seconds .

========================================================================
Received Prepare
Registering precompiled user dll's ...
Registered in 0.002243 seconds.
Begin MonoManager ReloadAssembly
Native extension for OSXStandalone target not found
Refreshing native plugins compatible for Editor in 0.48 ms, found 3 plugins.
Preloading 0 native plugins for Editor in 0.00 ms.
Mono: successfully reloaded assembly
- Completed reload, in  1.113 seconds
Domain Reload Profiling:
	ReloadAssembly (1113ms)
		BeginReloadAssembly (127ms)
			ExecutionOrderSort (0ms)
			DisableScriptedObjects (6ms)
			BackupInstance (0ms)
			ReleaseScriptingObjects (0ms)
			CreateAndSetChildDomain (60ms)
		EndReloadAssembly (924ms)
			LoadAssemblies (74ms)
			RebuildTransferFunctionScriptingTraits (0ms)
			SetupTypeCache (339ms)
			ReleaseScriptCaches (1ms)
			RebuildScriptCaches (47ms)
			SetupLoadedEditorAssemblies (339ms)
				LogAssemblyErrors (0ms)
				InitializePlatformSupportModulesInManaged (3ms)
				SetLoadedEditorAssemblies (0ms)
				RefreshPlugins (1ms)
				BeforeProcessingInitializeOnLoad (91ms)
				ProcessInitializeOnLoadAttributes (232ms)
				ProcessInitializeOnLoadMethodAttributes (11ms)
				AfterProcessingInitializeOnLoad (1ms)
				EditorAssembliesLoaded (0ms)
			ExecutionOrderSort2 (0ms)
			AwakeInstancesAfterBackupRestoration (10ms)
Platform modules already initialized, skipping
Refreshing native plugins compatible for Editor in 0.45 ms, found 3 plugins.
Preloading 0 native plugins for Editor in 0.00 ms.
Unloading 2525 Unused Serialized files (Serialized files now loaded: 0)
System memory in use before: 234.1 MB.
System memory in use after: 234.4 MB.

Unloading 19 unused Assets to reduce memory usage. Loaded Objects now: 3019.
Total: 2.933035 ms (FindLiveObjects: 0.249547 ms CreateObjectMapping: 0.128147 ms MarkObjects: 2.541199 ms  DeleteObjects: 0.013484 ms)

AssetImportParameters requested are different than current active one (requested -> active):
  custom:video-decoder-ogg-theora: a1e56fd34408186e4bbccfd4996cb3dc -> 
  custom:container-muxer-webm: aa71ff27fc2769a1b78a27578f13a17b -> 
  custom:container-demuxer-webm: 4f35f7cbe854078d1ac9338744f61a02 -> 
  custom:container-demuxer-ogg: 62fdf1f143b41e24485cea50d1cbac27 -> 
  custom:video-encoder-webm-vp8: eb34c28f22e8b96e1ab97ce403110664 -> 
  custom:framework-osx-AVFoundation: e770b220cccbd017edd2c1fefb359320 -> 
  custom:video-decoder-webm-vp8: 9c59270c3fd7afecdb556c50c9e8de78 -> 
  custom:audio-decoder-ogg-vorbis: bf7c407c2cedff20999df2af8eb42d56 -> 
  custom:audio-encoder-webm-vorbis: bf7c407c2cedff20999df2af8eb42d56 -> 
========================================================================
Received Import Request.
  Time since last request: 79.458193 seconds.
  path: Assets/prefabs/Decoration_10.prefab
  artifactKey: Guid(38953191d0b6e463c85cd267061bb508) Importer(815301076,1909f56bfc062723c751e8b465ee728b)
Start importing Assets/prefabs/Decoration_10.prefab using Guid(38953191d0b6e463c85cd267061bb508) Importer(815301076,1909f56bfc062723c751e8b465ee728b)  -> (artifact id: '2b4d416a91590dc5ac60267060a7c510') in 0.051422 seconds 
  Import took 0.054971 seconds .

========================================================================
Received Import Request.
  Time since last request: 11.081665 seconds.
  path: Assets/prefabs/Decoration_10.prefab
  artifactKey: Guid(38953191d0b6e463c85cd267061bb508) Importer(815301076,1909f56bfc062723c751e8b465ee728b)
Start importing Assets/prefabs/Decoration_10.prefab using Guid(38953191d0b6e463c85cd267061bb508) Importer(815301076,1909f56bfc062723c751e8b465ee728b)  -> (artifact id: 'e25b4cd0c5d62a21111bfd3bb27bc143') in 0.010551 seconds 
  Import took 0.014534 seconds .

========================================================================
Received Import Request.
  Time since last request: 2.611015 seconds.
  path: Assets/prefabs/Decoration_10.prefab
  artifactKey: Guid(38953191d0b6e463c85cd267061bb508) Importer(815301076,1909f56bfc062723c751e8b465ee728b)
Start importing Assets/prefabs/Decoration_10.prefab using Guid(38953191d0b6e463c85cd267061bb508) Importer(815301076,1909f56bfc062723c751e8b465ee728b)  -> (artifact id: '6404a805eff7a0e652dacc0cfae6d510') in 0.010171 seconds 
  Import took 0.013875 seconds .

========================================================================
Received Prepare
Registering precompiled user dll's ...
Registered in 0.003103 seconds.
Begin MonoManager ReloadAssembly
Native extension for OSXStandalone target not found
Refreshing native plugins compatible for Editor in 0.48 ms, found 3 plugins.
Preloading 0 native plugins for Editor in 0.00 ms.
Mono: successfully reloaded assembly
- Completed reload, in  1.122 seconds
Domain Reload Profiling:
	ReloadAssembly (1122ms)
		BeginReloadAssembly (126ms)
			ExecutionOrderSort (0ms)
			DisableScriptedObjects (6ms)
			BackupInstance (0ms)
			ReleaseScriptingObjects (0ms)
			CreateAndSetChildDomain (67ms)
		EndReloadAssembly (936ms)
			LoadAssemblies (73ms)
			RebuildTransferFunctionScriptingTraits (0ms)
			SetupTypeCache (341ms)
			ReleaseScriptCaches (1ms)
			RebuildScriptCaches (47ms)
			SetupLoadedEditorAssemblies (350ms)
				LogAssemblyErrors (0ms)
				InitializePlatformSupportModulesInManaged (3ms)
				SetLoadedEditorAssemblies (0ms)
				RefreshPlugins (1ms)
				BeforeProcessingInitializeOnLoad (99ms)
				ProcessInitializeOnLoadAttributes (236ms)
				ProcessInitializeOnLoadMethodAttributes (10ms)
				AfterProcessingInitializeOnLoad (1ms)
				EditorAssembliesLoaded (0ms)
			ExecutionOrderSort2 (0ms)
			AwakeInstancesAfterBackupRestoration (8ms)
Platform modules already initialized, skipping
Refreshing native plugins compatible for Editor in 0.45 ms, found 3 plugins.
Preloading 0 native plugins for Editor in 0.00 ms.
Unloading 2525 Unused Serialized files (Serialized files now loaded: 0)
System memory in use before: 234.4 MB.
System memory in use after: 234.6 MB.

Unloading 18 unused Assets to reduce memory usage. Loaded Objects now: 3022.
Total: 2.821195 ms (FindLiveObjects: 0.209805 ms CreateObjectMapping: 0.106926 ms MarkObjects: 2.491381 ms  DeleteObjects: 0.012484 ms)

AssetImportParameters requested are different than current active one (requested -> active):
  custom:video-decoder-ogg-theora: a1e56fd34408186e4bbccfd4996cb3dc -> 
  custom:container-muxer-webm: aa71ff27fc2769a1b78a27578f13a17b -> 
  custom:container-demuxer-webm: 4f35f7cbe854078d1ac9338744f61a02 -> 
  custom:container-demuxer-ogg: 62fdf1f143b41e24485cea50d1cbac27 -> 
  custom:video-encoder-webm-vp8: eb34c28f22e8b96e1ab97ce403110664 -> 
  custom:framework-osx-AVFoundation: e770b220cccbd017edd2c1fefb359320 -> 
  custom:video-decoder-webm-vp8: 9c59270c3fd7afecdb556c50c9e8de78 -> 
  custom:audio-decoder-ogg-vorbis: bf7c407c2cedff20999df2af8eb42d56 -> 
  custom:audio-encoder-webm-vorbis: bf7c407c2cedff20999df2af8eb42d56 -> 
========================================================================
Received Prepare
Registering precompiled user dll's ...
Registered in 0.003305 seconds.
Begin MonoManager ReloadAssembly
Native extension for OSXStandalone target not found
Refreshing native plugins compatible for Editor in 0.51 ms, found 3 plugins.
Preloading 0 native plugins for Editor in 0.00 ms.
Mono: successfully reloaded assembly
- Completed reload, in  1.262 seconds
Domain Reload Profiling:
	ReloadAssembly (1263ms)
		BeginReloadAssembly (183ms)
			ExecutionOrderSort (0ms)
			DisableScriptedObjects (6ms)
			BackupInstance (0ms)
			ReleaseScriptingObjects (0ms)
			CreateAndSetChildDomain (82ms)
		EndReloadAssembly (1017ms)
			LoadAssemblies (128ms)
			RebuildTransferFunctionScriptingTraits (0ms)
			SetupTypeCache (384ms)
			ReleaseScriptCaches (1ms)
			RebuildScriptCaches (50ms)
			SetupLoadedEditorAssemblies (359ms)
				LogAssemblyErrors (0ms)
				InitializePlatformSupportModulesInManaged (3ms)
				SetLoadedEditorAssemblies (0ms)
				RefreshPlugins (1ms)
				BeforeProcessingInitializeOnLoad (98ms)
				ProcessInitializeOnLoadAttributes (241ms)
				ProcessInitializeOnLoadMethodAttributes (14ms)
				AfterProcessingInitializeOnLoad (1ms)
				EditorAssembliesLoaded (0ms)
			ExecutionOrderSort2 (0ms)
			AwakeInstancesAfterBackupRestoration (9ms)
Platform modules already initialized, skipping
Refreshing native plugins compatible for Editor in 0.48 ms, found 3 plugins.
Preloading 0 native plugins for Editor in 0.00 ms.
Unloading 2525 Unused Serialized files (Serialized files now loaded: 0)
System memory in use before: 234.6 MB.
System memory in use after: 234.9 MB.

Unloading 18 unused Assets to reduce memory usage. Loaded Objects now: 3024.
Total: 2.770183 ms (FindLiveObjects: 0.195008 ms CreateObjectMapping: 0.099171 ms MarkObjects: 2.463063 ms  DeleteObjects: 0.012407 ms)

AssetImportParameters requested are different than current active one (requested -> active):
  custom:video-decoder-ogg-theora: a1e56fd34408186e4bbccfd4996cb3dc -> 
  custom:container-muxer-webm: aa71ff27fc2769a1b78a27578f13a17b -> 
  custom:container-demuxer-webm: 4f35f7cbe854078d1ac9338744f61a02 -> 
  custom:container-demuxer-ogg: 62fdf1f143b41e24485cea50d1cbac27 -> 
  custom:video-encoder-webm-vp8: eb34c28f22e8b96e1ab97ce403110664 -> 
  custom:framework-osx-AVFoundation: e770b220cccbd017edd2c1fefb359320 -> 
  custom:video-decoder-webm-vp8: 9c59270c3fd7afecdb556c50c9e8de78 -> 
  custom:audio-decoder-ogg-vorbis: bf7c407c2cedff20999df2af8eb42d56 -> 
  custom:audio-encoder-webm-vorbis: bf7c407c2cedff20999df2af8eb42d56 -> 
